INFO:root:reading file uq_comparison_pipeline.py...
INFO:root:reading file uq_comparison_pipeline_abc.py...
INFO:root:running main pipeline...
INFO:root:running preliminary checks/setup...
INFO:root:checking kwargs dict...
INFO:root:loading data...
INFO:numexpr.utils:Note: detected 72 virtual cores but NumExpr set to maximum of 64, check "NUMEXPR_MAX_THREADS" environment variable.
INFO:numexpr.utils:Note: NumExpr detected 72 cores but "NUMEXPR_MAX_THREADS" not set, so enforcing safe limit of 16.
INFO:numexpr.utils:NumExpr defaulting to 16 threads.
/mnt/qb/work/ludwig/lqb589/my_code/helpers/misc_helpers.py:116: SettingWithCopyWarning: 
A value is trying to be set on a copy of a slice from a DataFrame

See the caveats in the documentation: https://pandas.pydata.org/pandas-docs/stable/user_guide/indexing.html#returning-a-view-versus-a-copy
  arr.drop(columns=ts_cols, inplace=True)  # todo: works bc no ts cols present?
/mnt/qb/work/ludwig/lqb589/my_code/helpers/misc_helpers.py:116: SettingWithCopyWarning: 
A value is trying to be set on a copy of a slice from a DataFrame

See the caveats in the documentation: https://pandas.pydata.org/pandas-docs/stable/user_guide/indexing.html#returning-a-view-versus-a-copy
  arr.drop(columns=ts_cols, inplace=True)  # todo: works bc no ts cols present?
/mnt/qb/work/ludwig/lqb589/my_code/helpers/misc_helpers.py:116: SettingWithCopyWarning: 
A value is trying to be set on a copy of a slice from a DataFrame

See the caveats in the documentation: https://pandas.pydata.org/pandas-docs/stable/user_guide/indexing.html#returning-a-view-versus-a-copy
  arr.drop(columns=ts_cols, inplace=True)  # todo: works bc no ts cols present?
/mnt/qb/work/ludwig/lqb589/my_code/helpers/misc_helpers.py:116: SettingWithCopyWarning: 
A value is trying to be set on a copy of a slice from a DataFrame

See the caveats in the documentation: https://pandas.pydata.org/pandas-docs/stable/user_guide/indexing.html#returning-a-view-versus-a-copy
  arr.drop(columns=ts_cols, inplace=True)  # todo: works bc no ts cols present?
INFO:root:data shapes: (210432, 16), (35040, 16), (35040, 16);  (210432, 1), (35040, 1), (35040, 1)
INFO:root:training base models...
INFO:root:base_model_linreg not in whitelist, skipping
INFO:root:base_model_hgbr not in whitelist, skipping
INFO:root:training base_model_nn...
INFO:root:skipping training in base_model_nn
INFO:root:loading torch statedict from comparison_storage/models/base_model_nn_n210432_it300_nh2_hs50.pth
/mnt/qb/work/ludwig/lqb589/my_code/helpers/io_helper.py:137: FutureWarning: You are using `torch.load` with `weights_only=False` (the current default value), which uses the default pickle module implicitly. It is possible to construct malicious pickle data which will execute arbitrary code during unpickling (See https://github.com/pytorch/pytorch/blob/main/SECURITY.md#untrusted-models for more details). In a future release, the default value for `weights_only` will be flipped to `True`. This limits the functions that could be executed during unpickling. Arbitrary objects will no longer be allowed to be loaded via this mode unless they are explicitly allowlisted by the user via `torch.serialization.add_safe_globals`. We recommend you start setting `weights_only=True` for any use case where you don't have full control of the loaded file. Please open an issue on GitHub for any issues related to this experimental feature.
  state_dict = torch.load(path, map_location='cpu')
Traceback (most recent call last):
  File "/mnt/qb/work/ludwig/lqb589/my_code/uq_comparison_pipeline.py", line 784, in <module>
    main()
  File "/mnt/qb/work/ludwig/lqb589/my_code/uq_comparison_pipeline.py", line 769, in main
    uq_comparer.compare_methods(
  File "/mnt/qb/work/ludwig/lqb589/my_code/uq_comparison_pipeline_abc.py", line 129, in compare_methods
    base_models = self.train_base_models(X_train, y_train, X_val, y_val)  # todo: what to do if empty?
                  ^^^^^^^^^^^^^^^^^^^^^^^^^^^^^^^^^^^^^^^^^^^^^^^^^^^^^^
  File "/mnt/qb/work/ludwig/lqb589/my_code/uq_comparison_pipeline_abc.py", line 333, in train_base_models
    base_model = method(X_train, y_train, X_val, y_val, **base_model_kwargs)
                 ^^^^^^^^^^^^^^^^^^^^^^^^^^^^^^^^^^^^^^^^^^^^^^^^^^^^^^^^^^^
  File "/mnt/qb/work/ludwig/lqb589/my_code/uq_comparison_pipeline.py", line 249, in base_model_nn
    model = self.io_helper.load_torch_model_statedict(
            ^^^^^^^^^^^^^^^^^^^^^^^^^^^^^^^^^^^^^^^^^^
  File "/mnt/qb/work/ludwig/lqb589/my_code/helpers/io_helper.py", line 137, in load_torch_model_statedict
    state_dict = torch.load(path, map_location='cpu')
                 ^^^^^^^^^^^^^^^^^^^^^^^^^^^^^^^^^^^^
  File "/home/ludwig/lqb589/.conda/envs/masterarbeit/lib/python3.12/site-packages/torch/serialization.py", line 1319, in load
    with _open_file_like(f, "rb") as opened_file:
         ^^^^^^^^^^^^^^^^^^^^^^^^
  File "/home/ludwig/lqb589/.conda/envs/masterarbeit/lib/python3.12/site-packages/torch/serialization.py", line 659, in _open_file_like
    return _open_file(name_or_buffer, mode)
           ^^^^^^^^^^^^^^^^^^^^^^^^^^^^^^^^
  File "/home/ludwig/lqb589/.conda/envs/masterarbeit/lib/python3.12/site-packages/torch/serialization.py", line 640, in __init__
    super().__init__(open(name, mode))
                     ^^^^^^^^^^^^^^^^
FileNotFoundError: [Errno 2] No such file or directory: 'comparison_storage/models/base_model_nn_n210432_it300_nh2_hs50.pth'
