---------- JOB INFOS ------------
JobId=1061335 JobName=deploy.sh
   UserId=lqb589(4852) GroupId=ludwig(4026) MCS_label=N/A
   Priority=69399 Nice=0 Account=ludwig QOS=normal
   JobState=RUNNING Reason=None Dependency=(null)
   Requeue=1 Restarts=0 BatchFlag=1 Reboot=0 ExitCode=0:0
   RunTime=00:00:01 TimeLimit=06:00:00 TimeMin=N/A
   SubmitTime=2025-01-17T03:36:21 EligibleTime=2025-01-17T03:36:21
   AccrueTime=2025-01-17T03:36:21
   StartTime=2025-01-17T03:36:21 EndTime=2025-01-17T09:36:21 Deadline=N/A
   PreemptEligibleTime=2025-01-17T03:37:21 PreemptTime=None
   SuspendTime=None SecsPreSuspend=0 LastSchedEval=2025-01-17T03:36:21 Scheduler=Main
   Partition=2080-galvani AllocNode:Sid=galvani-login:1718587
   ReqNodeList=(null) ExcNodeList=(null)
   NodeList=galvani-cn110
   BatchHost=galvani-cn110
   NumNodes=1 NumCPUs=2 NumTasks=1 CPUs/Task=2 ReqB:S:C:T=0:0:*:*
   ReqTRES=cpu=2,mem=8G,node=1,billing=10,gres/gpu=4
   AllocTRES=cpu=2,mem=8G,node=1,billing=10,gres/gpu=4,gres/gpu:rtx2080ti=4
   Socks/Node=* NtasksPerN:B:S:C=0:0:*:* CoreSpec=*
   MinCPUsNode=2 MinMemoryNode=8G MinTmpDiskNode=0
   Features=(null) DelayBoot=00:00:00
   OverSubscribe=OK Contiguous=0 Licenses=(null) Network=(null)
   Command=/mnt/qb/work/ludwig/lqb589/my_code/deploy.sh
   WorkDir=/mnt/qb/work/ludwig/lqb589/my_code
   StdErr=/mnt/qb/work/ludwig/lqb589/my_code/logs/job_cp_1061335.err
   StdIn=/dev/null
   StdOut=/mnt/qb/work/ludwig/lqb589/my_code/logs/job_cp_1061335.out
   Power=
   TresPerNode=gres:gpu:4
   MailUser=mikhail.dubovoy@student.uni-tuebingen.de MailType=END,FAIL
   

---------------------------------

-------- PYTHON OUTPUT ----------

base_model_nn:
	mae: 176.14645385742188
	rmse: 229.2932891845703
	smape_scaled: 0.012739311903715134

optimal deterministic metrics:
		mae: 0.0
		rmse: 0.0
		smape_scaled: 0.0

base_model metrics:
	base_model_nn:
		mae: 176.14645385742188
		rmse: 229.2932891845703
		smape_scaled: 0.012739311903715134

posthoc metrics:
	posthoc_conformal_prediction__base_model_nn:
		mae: 262.3185119628906
		rmse: 349.57757568359375
		smape_scaled: 0.01850258558988571
		crps: 190.7089147430687
		nll_gaussian: 7.32962138182996
		mean_pinball: 31.34472896585764
		ssr: 0.8060491865836202

native metrics:

optimal deterministic metrics:
		mae: 0.0
		rmse: 0.0
		smape_scaled: 0.0
	optimal uq metrics:
		crps: None
		nll_gaussian: None
		mean_pinball: None
		ssr: None
---------------------------------
