---------- JOB INFOS ------------
JobId=1085261 JobName=deploy_base.sh
   UserId=lqb589(4852) GroupId=ludwig(4026) MCS_label=N/A
   Priority=70325 Nice=0 Account=ludwig QOS=normal
   JobState=RUNNING Reason=None Dependency=(null)
   Requeue=1 Restarts=0 BatchFlag=1 Reboot=0 ExitCode=0:0
   RunTime=00:00:00 TimeLimit=01:00:00 TimeMin=N/A
   SubmitTime=2025-01-24T22:37:02 EligibleTime=2025-01-24T22:37:02
   AccrueTime=2025-01-24T22:37:03
   StartTime=2025-01-24T22:37:03 EndTime=2025-01-24T23:37:03 Deadline=N/A
   PreemptEligibleTime=2025-01-24T22:38:03 PreemptTime=None
   SuspendTime=None SecsPreSuspend=0 LastSchedEval=2025-01-24T22:37:03 Scheduler=Main
   Partition=2080-galvani AllocNode:Sid=galvani-login:66219
   ReqNodeList=(null) ExcNodeList=(null)
   NodeList=galvani-cn109
   BatchHost=galvani-cn109
   NumNodes=1 NumCPUs=2 NumTasks=1 CPUs/Task=1 ReqB:S:C:T=0:0:*:*
   ReqTRES=cpu=1,mem=5G,node=1,gres/gpu=1
   AllocTRES=cpu=2,mem=5G,node=1,gres/gpu=1,gres/gpu:rtx2080ti=1
   Socks/Node=* NtasksPerN:B:S:C=0:0:*:* CoreSpec=*
   MinCPUsNode=1 MinMemoryNode=5G MinTmpDiskNode=0
   Features=(null) DelayBoot=00:00:00
   OverSubscribe=OK Contiguous=0 Licenses=(null) Network=(null)
   Command=/mnt/qb/work/ludwig/lqb589/my_code/deploy_base.sh
   WorkDir=/mnt/qb/work/ludwig/lqb589/my_code
   StdErr=/mnt/qb/work/ludwig/lqb589/my_code/logs/job_1085261.err
   StdIn=/dev/null
   StdOut=/mnt/qb/work/ludwig/lqb589/my_code/logs/job_1085261.out
   Power=
   TresPerNode=gres:gpu:1
   MailUser=mikhail.dubovoy@student.uni-tuebingen.de MailType=END,FAIL
   

---------------------------------

-------- PYTHON OUTPUT ----------

base_model_linreg:
	rmse: 312.9999084472656
	smape_scaled: 0.01682855561375618

optimal deterministic metrics:
		rmse: 0.0
		smape_scaled: 0.0

base_model metrics:
	base_model_linreg:
		rmse: 312.9999084472656
		smape_scaled: 0.01682855561375618

posthoc metrics:

native metrics:

optimal deterministic metrics:
		rmse: 0.0
		smape_scaled: 0.0
	optimal uq metrics:
		crps: None
		nll_gaussian: None
		mean_pinball: None
---------------------------------
