INFO:root:reading file uq_comparison_pipeline_cp.py...
INFO:root:reading file uq_comparison_pipeline_abc.py...
INFO:root:running main pipeline...
INFO:root:running preliminary checks/setup...
INFO:root:checking kwargs dict...
INFO:root:updating training flags...
INFO:root:loading data...
INFO:numexpr.utils:Note: detected 72 virtual cores but NumExpr set to maximum of 64, check "NUMEXPR_MAX_THREADS" environment variable.
INFO:numexpr.utils:Note: NumExpr detected 72 cores but "NUMEXPR_MAX_THREADS" not set, so enforcing safe limit of 16.
INFO:numexpr.utils:NumExpr defaulting to 16 threads.
/mnt/qb/work/ludwig/lqb589/my_code/helpers/misc_helpers.py:116: SettingWithCopyWarning: 
A value is trying to be set on a copy of a slice from a DataFrame

See the caveats in the documentation: https://pandas.pydata.org/pandas-docs/stable/user_guide/indexing.html#returning-a-view-versus-a-copy
  arr.drop(columns=ts_cols, inplace=True)  # todo: works bc no ts cols present?
/mnt/qb/work/ludwig/lqb589/my_code/helpers/misc_helpers.py:116: SettingWithCopyWarning: 
A value is trying to be set on a copy of a slice from a DataFrame

See the caveats in the documentation: https://pandas.pydata.org/pandas-docs/stable/user_guide/indexing.html#returning-a-view-versus-a-copy
  arr.drop(columns=ts_cols, inplace=True)  # todo: works bc no ts cols present?
/mnt/qb/work/ludwig/lqb589/my_code/helpers/misc_helpers.py:116: SettingWithCopyWarning: 
A value is trying to be set on a copy of a slice from a DataFrame

See the caveats in the documentation: https://pandas.pydata.org/pandas-docs/stable/user_guide/indexing.html#returning-a-view-versus-a-copy
  arr.drop(columns=ts_cols, inplace=True)  # todo: works bc no ts cols present?
/mnt/qb/work/ludwig/lqb589/my_code/helpers/misc_helpers.py:116: SettingWithCopyWarning: 
A value is trying to be set on a copy of a slice from a DataFrame

See the caveats in the documentation: https://pandas.pydata.org/pandas-docs/stable/user_guide/indexing.html#returning-a-view-versus-a-copy
  arr.drop(columns=ts_cols, inplace=True)  # todo: works bc no ts cols present?
INFO:root:data shapes: (210432, 16), (35040, 16), (35040, 16);  (210432, 1), (35040, 1), (35040, 1)
INFO:root:training base models...
INFO:root:skipping training base_model_linreg.
INFO:root:training base_model_hgbr...
INFO:root:skipping model training in method base_model_hgbr_n210432_it50_its5.model
INFO:root:skipping training base_model_nn.
INFO:root:saving base model results...
INFO:root:plotting base model results...
INFO:root:plotting partial plots...
INFO:root:plotting full plot...
INFO:root:computing base model metrics...
INFO:root:running posthoc UQ methods...
INFO:root:running posthoc methods...
INFO:root:running posthoc_conformal_prediction on base_model_hgbr...
/home/ludwig/lqb589/.conda/envs/masterarbeit/lib/python3.12/site-packages/sklearn/utils/validation.py:1339: DataConversionWarning: A column-vector y was passed when a 1d array was expected. Please change the shape of y to (n_samples, ), for example using ravel().
  y = column_or_1d(y, warn=True)
[Parallel(n_jobs=-1)]: Using backend LokyBackend with 2 concurrent workers.
[Parallel(n_jobs=-1)]: Done   5 out of   5 | elapsed:  2.0min finished
[Parallel(n_jobs=-1)]: Using backend LokyBackend with 2 concurrent workers.
[Parallel(n_jobs=-1)]: Done   5 out of   5 | elapsed:   15.9s finished
/home/ludwig/lqb589/.conda/envs/masterarbeit/lib/python3.12/site-packages/mapie/utils.py:564: UserWarning: WARNING: at least one point of training set belongs to every resamplings.
Increase the number of resamplings
  warnings.warn(
/home/ludwig/lqb589/.conda/envs/masterarbeit/lib/python3.12/site-packages/mapie/aggregation_functions.py:118: RuntimeWarning: Mean of empty slice
  return np.nanmean(X, axis=1)
INFO:root:saving model in method posthoc_conformal_prediction...
INFO:root:saving model in path comparison_storage/models/posthoc_conformal_prediction_n210432_it5.model
INFO:root:saving posthoc UQ results...
INFO:root:plotting posthoc results...
INFO:root:running native UQ methods...
INFO:root:No native methods found and/or whitelisted. Skipping...
INFO:root:saving native UQ results...
INFO:root:plotting native results...
INFO:root:computing and saving UQ metrics...
INFO:root:posthoc...
INFO:root:native...
