INFO:root:running main pipeline...
INFO:root:running preliminary checks/setup...
INFO:root:checking kwargs dict...
INFO:root:updating training flags...
INFO:root:loading data...
INFO:numexpr.utils:Note: detected 72 virtual cores but NumExpr set to maximum of 64, check "NUMEXPR_MAX_THREADS" environment variable.
INFO:numexpr.utils:Note: NumExpr detected 72 cores but "NUMEXPR_MAX_THREADS" not set, so enforcing safe limit of 16.
INFO:numexpr.utils:NumExpr defaulting to 16 threads.
/mnt/qb/work/ludwig/lqb589/my_code/helpers/misc_helpers.py:115: SettingWithCopyWarning: 
A value is trying to be set on a copy of a slice from a DataFrame

See the caveats in the documentation: https://pandas.pydata.org/pandas-docs/stable/user_guide/indexing.html#returning-a-view-versus-a-copy
  arr.drop(columns=ts_cols, inplace=True)
/mnt/qb/work/ludwig/lqb589/my_code/helpers/misc_helpers.py:115: SettingWithCopyWarning: 
A value is trying to be set on a copy of a slice from a DataFrame

See the caveats in the documentation: https://pandas.pydata.org/pandas-docs/stable/user_guide/indexing.html#returning-a-view-versus-a-copy
  arr.drop(columns=ts_cols, inplace=True)
/mnt/qb/work/ludwig/lqb589/my_code/helpers/misc_helpers.py:115: SettingWithCopyWarning: 
A value is trying to be set on a copy of a slice from a DataFrame

See the caveats in the documentation: https://pandas.pydata.org/pandas-docs/stable/user_guide/indexing.html#returning-a-view-versus-a-copy
  arr.drop(columns=ts_cols, inplace=True)
/mnt/qb/work/ludwig/lqb589/my_code/helpers/misc_helpers.py:115: SettingWithCopyWarning: 
A value is trying to be set on a copy of a slice from a DataFrame

See the caveats in the documentation: https://pandas.pydata.org/pandas-docs/stable/user_guide/indexing.html#returning-a-view-versus-a-copy
  arr.drop(columns=ts_cols, inplace=True)
INFO:root:data shapes: (35136, 8), (35040, 8), (35040, 8);  (35136, 1), (35040, 1), (35040, 1)
INFO:root:training base models...
INFO:root:training base_model_linreg...
INFO:root:training base_model_rf...
INFO:root:training base_model_nn...
INFO:root:saving base model results...
INFO:root:plotting base model results...
INFO:root:computing base model metrics...
INFO:root:running posthoc UQ methods...
INFO:root:No posthoc methods found and/or whitelisted. Skipping...
INFO:root:saving posthoc UQ results...
INFO:root:plotting posthoc results...
INFO:root:running native UQ methods...
INFO:root:running native methods...
INFO:root:running native_gpytorch...
INFO:root:preparing data..
INFO:root:mapping data to device and making it contiguous...
INFO:root:training from scratch...
INFO:root:running function train_gpytorch (with timing)...
INFO:root:Planning to run on 2 GPUs.
INFO:root:setup dataset
INFO:root:setup models
INFO:root:setup meta-models
INFO:root:start proper training...
INFO:root:epoch 1/20
INFO:root:epoch 2/20
INFO:root:epoch 3/20
INFO:root:epoch 4/20
INFO:root:epoch 5/20
INFO:root:epoch 6/20
INFO:root:epoch 7/20
INFO:root:epoch 8/20
INFO:root:epoch 9/20
INFO:root:epoch 10/20
INFO:root:epoch 11/20
INFO:root:epoch 12/20
INFO:root:epoch 13/20
INFO:root:epoch 14/20
INFO:root:epoch 15/20
INFO:root:epoch 16/20
INFO:root:epoch 17/20
INFO:root:epoch 18/20
INFO:root:epoch 19/20
INFO:root:epoch 20/20
INFO:root:filename train_gpytorch_losses had no extension. saving as PNG
INFO:root:Finished training on 35136 data points using 2 GPUs.
INFO:root:function train_gpytorch is done. [took 79.5746313710697s]
INFO:root:saving model...
INFO:root:saving native UQ results...
INFO:root:plotting native results...
INFO:root:computing and saving UQ metrics...
INFO:root:posthoc...
INFO:root:native...
