-------- PYTHON OUTPUT ----------
Fitting 3 folds for each of 30 candidates, totalling 90 fits
[CV 2/3] END l2_regularization=0.01, learning_rate=0.13390770456530438, max_iter=116, max_leaf_nodes=81, min_samples_leaf=75;, score=-0.070 total time=   4.2s
[CV 3/3] END l2_regularization=0.1, learning_rate=0.021483740577345367, max_iter=476, max_leaf_nodes=96, min_samples_leaf=89;, score=-0.066 total time=  24.2s
[CV 3/3] END l2_regularization=0.0001, learning_rate=0.022799022451964707, max_iter=286, max_leaf_nodes=42, min_samples_leaf=90;, score=-0.071 total time=  10.4s
[CV 1/3] END l2_regularization=0.001, learning_rate=0.06136830861665677, max_iter=691, max_leaf_nodes=69, min_samples_leaf=94;, score=-0.067 total time=  13.8s
[CV 1/3] END l2_regularization=0.001, learning_rate=0.036187055819169874, max_iter=253, max_leaf_nodes=73, min_samples_leaf=17;, score=-0.069 total time=   6.7s
[CV 3/3] END l2_regularization=0.001, learning_rate=0.036187055819169874, max_iter=253, max_leaf_nodes=73, min_samples_leaf=17;, score=-0.067 total time=  12.5s
[CV 3/3] END l2_regularization=0.0001, learning_rate=0.13334501860528392, max_iter=325, max_leaf_nodes=23, min_samples_leaf=23;, score=-0.068 total time=   7.9s
[CV 1/3] END l2_regularization=0.01, learning_rate=0.04691029555170554, max_iter=952, max_leaf_nodes=44, min_samples_leaf=92;, score=-0.066 total time=  14.1s
[CV 2/3] END l2_regularization=0, learning_rate=0.027218942030235366, max_iter=881, max_leaf_nodes=13, min_samples_leaf=16;, score=-0.074 total time=  12.9s
[CV 2/3] END l2_regularization=0.0001, learning_rate=0.05543596180581761, max_iter=486, max_leaf_nodes=72, min_samples_leaf=32;, score=-0.069 total time=  13.5s
[CV 1/3] END l2_regularization=0.01, learning_rate=0.01664633184165465, max_iter=305, max_leaf_nodes=94, min_samples_leaf=94;, score=-0.071 total time=  10.1s
[CV 3/3] END l2_regularization=0.1, learning_rate=0.028018203856606017, max_iter=62, max_leaf_nodes=33, min_samples_leaf=40;, score=-0.195 total time=   3.0s
[CV 2/3] END l2_regularization=0, learning_rate=0.02864347920156805, max_iter=389, max_leaf_nodes=50, min_samples_leaf=43;, score=-0.072 total time=  11.2s
[CV 3/3] END l2_regularization=0.1, learning_rate=0.017809097138003837, max_iter=848, max_leaf_nodes=18, min_samples_leaf=15;, score=-0.070 total time=  19.9s
[CV 1/3] END l2_regularization=0, learning_rate=0.017363993290009157, max_iter=416, max_leaf_nodes=71, min_samples_leaf=51;, score=-0.069 total time=  10.7s
[CV 1/3] END l2_regularization=0.001, learning_rate=0.058531418157831444, max_iter=735, max_leaf_nodes=44, min_samples_leaf=79;, score=-0.067 total time=  12.8s
[CV 1/3] END l2_regularization=0.001, learning_rate=0.019755385327882645, max_iter=471, max_leaf_nodes=12, min_samples_leaf=15;, score=-0.084 total time=   6.2s
[CV 3/3] END l2_regularization=0.001, learning_rate=0.019755385327882645, max_iter=471, max_leaf_nodes=12, min_samples_leaf=15;, score=-0.078 total time=  11.5s
[CV 2/3] END l2_regularization=0, learning_rate=0.07704671891646621, max_iter=867, max_leaf_nodes=51, min_samples_leaf=91;, score=-0.068 total time=  17.1s
[CV 3/3] END l2_regularization=0.001, learning_rate=0.016125769388344605, max_iter=752, max_leaf_nodes=61, min_samples_leaf=18;, score=-0.067 total time=  30.7s
[CV 3/3] END l2_regularization=0.01, learning_rate=0.13390770456530438, max_iter=116, max_leaf_nodes=81, min_samples_leaf=75;, score=-0.067 total time=   5.4s
[CV 1/3] END l2_regularization=0.001, learning_rate=0.11022177607905671, max_iter=109, max_leaf_nodes=33, min_samples_leaf=17;, score=-0.072 total time=   2.0s
[CV 2/3] END l2_regularization=0.001, learning_rate=0.11022177607905671, max_iter=109, max_leaf_nodes=33, min_samples_leaf=17;, score=-0.075 total time=   2.9s
[CV 3/3] END l2_regularization=0.001, learning_rate=0.11022177607905671, max_iter=109, max_leaf_nodes=33, min_samples_leaf=17;, score=-0.070 total time=   3.9s
[CV 2/3] END l2_regularization=0.1, learning_rate=0.139959090366385, max_iter=501, max_leaf_nodes=39, min_samples_leaf=52;, score=-0.070 total time=   9.0s
[CV 2/3] END l2_regularization=0.0001, learning_rate=0.022799022451964707, max_iter=286, max_leaf_nodes=42, min_samples_leaf=90;, score=-0.076 total time=   7.9s
[CV 2/3] END l2_regularization=0.0001, learning_rate=0.050216644627738984, max_iter=757, max_leaf_nodes=98, min_samples_leaf=63;, score=-0.069 total time=  20.8s
[CV 3/3] END l2_regularization=0.001, learning_rate=0.06136830861665677, max_iter=691, max_leaf_nodes=69, min_samples_leaf=94;, score=-0.065 total time=  22.7s
[CV 3/3] END l2_regularization=0.0001, learning_rate=0.018782931430590583, max_iter=349, max_leaf_nodes=69, min_samples_leaf=85;, score=-0.069 total time=  16.0s
[CV 1/3] END l2_regularization=0, learning_rate=0.027218942030235366, max_iter=881, max_leaf_nodes=13, min_samples_leaf=16;, score=-0.072 total time=   8.7s
[CV 1/3] END l2_regularization=0.0001, learning_rate=0.05543596180581761, max_iter=486, max_leaf_nodes=72, min_samples_leaf=32;, score=-0.067 total time=   8.4s
[CV 3/3] END l2_regularization=0.0001, learning_rate=0.05543596180581761, max_iter=486, max_leaf_nodes=72, min_samples_leaf=32;, score=-0.066 total time=  16.6s
[CV 3/3] END l2_regularization=0.01, learning_rate=0.01664633184165465, max_iter=305, max_leaf_nodes=94, min_samples_leaf=94;, score=-0.069 total time=  17.5s
[CV 2/3] END l2_regularization=0.1, learning_rate=0.017809097138003837, max_iter=848, max_leaf_nodes=18, min_samples_leaf=15;, score=-0.075 total time=  14.7s
[CV 1/3] END l2_regularization=0.01, learning_rate=0.10944468734566729, max_iter=849, max_leaf_nodes=21, min_samples_leaf=48;, score=-0.066 total time=   8.1s
[CV 2/3] END l2_regularization=0, learning_rate=0.017363993290009157, max_iter=416, max_leaf_nodes=71, min_samples_leaf=51;, score=-0.072 total time=  15.0s
[CV 2/3] END l2_regularization=0.001, learning_rate=0.058531418157831444, max_iter=735, max_leaf_nodes=44, min_samples_leaf=79;, score=-0.069 total time=  16.1s
[CV 1/3] END l2_regularization=0.1, learning_rate=0.054622108002224896, max_iter=776, max_leaf_nodes=23, min_samples_leaf=41;, score=-0.067 total time=   8.7s
[CV 1/3] END l2_regularization=0, learning_rate=0.07704671891646621, max_iter=867, max_leaf_nodes=51, min_samples_leaf=91;, score=-0.067 total time=  13.0s
[CV 1/3] END l2_regularization=0.001, learning_rate=0.016125769388344605, max_iter=752, max_leaf_nodes=61, min_samples_leaf=18;, score=-0.068 total time=  14.6s
[CV 1/3] END l2_regularization=0.1, learning_rate=0.026630755554783357, max_iter=758, max_leaf_nodes=24, min_samples_leaf=57;, score=-0.070 total time=  10.9s
[CV 1/3] END l2_regularization=0.1, learning_rate=0.025403258323946878, max_iter=169, max_leaf_nodes=80, min_samples_leaf=73;, score=-0.075 total time=   4.8s
[CV 2/3] END l2_regularization=0.1, learning_rate=0.025403258323946878, max_iter=169, max_leaf_nodes=80, min_samples_leaf=73;, score=-0.077 total time=   7.3s
[CV 1/3] END l2_regularization=0.1, learning_rate=0.021483740577345367, max_iter=476, max_leaf_nodes=96, min_samples_leaf=89;, score=-0.068 total time=  13.9s
[CV 1/3] END l2_regularization=0.1, learning_rate=0.139959090366385, max_iter=501, max_leaf_nodes=39, min_samples_leaf=52;, score=-0.068 total time=   6.9s
[CV 3/3] END l2_regularization=0.1, learning_rate=0.139959090366385, max_iter=501, max_leaf_nodes=39, min_samples_leaf=52;, score=-0.066 total time=  10.9s
[CV 3/3] END l2_regularization=0.0001, learning_rate=0.050216644627738984, max_iter=757, max_leaf_nodes=98, min_samples_leaf=63;, score=-0.065 total time=  25.4s
[CV 2/3] END l2_regularization=0.001, learning_rate=0.036187055819169874, max_iter=253, max_leaf_nodes=73, min_samples_leaf=17;, score=-0.071 total time=   9.3s
[CV 3/3] END l2_regularization=0.1, learning_rate=0.06076256671994511, max_iter=30, max_leaf_nodes=82, min_samples_leaf=53;, score=-0.169 total time=   2.1s
[CV 2/3] END l2_regularization=0.0001, learning_rate=0.13334501860528392, max_iter=325, max_leaf_nodes=23, min_samples_leaf=23;, score=-0.071 total time=   6.0s
[CV 2/3] END l2_regularization=0.0001, learning_rate=0.018782931430590583, max_iter=349, max_leaf_nodes=69, min_samples_leaf=85;, score=-0.073 total time=  12.2s
[CV 3/3] END l2_regularization=0.01, learning_rate=0.04691029555170554, max_iter=952, max_leaf_nodes=44, min_samples_leaf=92;, score=-0.065 total time=  22.5s
[CV 1/3] END l2_regularization=0.0001, learning_rate=0.042251817224622214, max_iter=211, max_leaf_nodes=71, min_samples_leaf=28;, score=-0.069 total time=   5.3s
[CV 2/3] END l2_regularization=0.0001, learning_rate=0.042251817224622214, max_iter=211, max_leaf_nodes=71, min_samples_leaf=28;, score=-0.072 total time=   7.8s
[CV 2/3] END l2_regularization=0.01, learning_rate=0.01664633184165465, max_iter=305, max_leaf_nodes=94, min_samples_leaf=94;, score=-0.074 total time=  13.7s
[CV 3/3] END l2_regularization=0, learning_rate=0.02864347920156805, max_iter=389, max_leaf_nodes=50, min_samples_leaf=43;, score=-0.068 total time=  13.8s
[CV 1/3] END l2_regularization=0.01, learning_rate=0.029483526899137257, max_iter=72, max_leaf_nodes=20, min_samples_leaf=95;, score=-0.168 total time=   1.1s
[CV 3/3] END l2_regularization=0.01, learning_rate=0.029483526899137257, max_iter=72, max_leaf_nodes=20, min_samples_leaf=95;, score=-0.156 total time=   2.5s
[CV 2/3] END l2_regularization=0.001, learning_rate=0.0925266417139206, max_iter=388, max_leaf_nodes=14, min_samples_leaf=55;, score=-0.072 total time=   5.5s
[CV 2/3] END l2_regularization=0.01, learning_rate=0.10944468734566729, max_iter=849, max_leaf_nodes=21, min_samples_leaf=48;, score=-0.069 total time=  11.8s
[CV 3/3] END l2_regularization=0, learning_rate=0.017363993290009157, max_iter=416, max_leaf_nodes=71, min_samples_leaf=51;, score=-0.068 total time=  20.7s
[CV 2/3] END l2_regularization=0.001, learning_rate=0.019755385327882645, max_iter=471, max_leaf_nodes=12, min_samples_leaf=15;, score=-0.084 total time=   8.8s
[CV 2/3] END l2_regularization=0.1, learning_rate=0.054622108002224896, max_iter=776, max_leaf_nodes=23, min_samples_leaf=41;, score=-0.070 total time=  11.8s
[CV 3/3] END l2_regularization=0, learning_rate=0.07704671891646621, max_iter=867, max_leaf_nodes=51, min_samples_leaf=91;, score=-0.065 total time=  21.2s
[CV 2/3] END l2_regularization=0.1, learning_rate=0.026630755554783357, max_iter=758, max_leaf_nodes=24, min_samples_leaf=57;, score=-0.073 total time=  15.7s
[CV 3/3] END l2_regularization=0.1, learning_rate=0.025403258323946878, max_iter=169, max_leaf_nodes=80, min_samples_leaf=73;, score=-0.072 total time=   8.6s
[CV 1/3] END l2_regularization=0.01, learning_rate=0.13390770456530438, max_iter=116, max_leaf_nodes=81, min_samples_leaf=75;, score=-0.069 total time=   3.3s
[CV 2/3] END l2_regularization=0.1, learning_rate=0.021483740577345367, max_iter=476, max_leaf_nodes=96, min_samples_leaf=89;, score=-0.070 total time=  19.8s
[CV 1/3] END l2_regularization=0.0001, learning_rate=0.022799022451964707, max_iter=286, max_leaf_nodes=42, min_samples_leaf=90;, score=-0.074 total time=   5.4s
[CV 1/3] END l2_regularization=0.0001, learning_rate=0.050216644627738984, max_iter=757, max_leaf_nodes=98, min_samples_leaf=63;, score=-0.067 total time=  17.2s
[CV 2/3] END l2_regularization=0.001, learning_rate=0.06136830861665677, max_iter=691, max_leaf_nodes=69, min_samples_leaf=94;, score=-0.068 total time=  18.7s
[CV 1/3] END l2_regularization=0.1, learning_rate=0.06076256671994511, max_iter=30, max_leaf_nodes=82, min_samples_leaf=53;, score=-0.179 total time=   1.1s
[CV 2/3] END l2_regularization=0.1, learning_rate=0.06076256671994511, max_iter=30, max_leaf_nodes=82, min_samples_leaf=53;, score=-0.177 total time=   1.6s
[CV 1/3] END l2_regularization=0.0001, learning_rate=0.13334501860528392, max_iter=325, max_leaf_nodes=23, min_samples_leaf=23;, score=-0.068 total time=   4.3s
[CV 1/3] END l2_regularization=0.0001, learning_rate=0.018782931430590583, max_iter=349, max_leaf_nodes=69, min_samples_leaf=85;, score=-0.070 total time=   9.3s
[CV 2/3] END l2_regularization=0.01, learning_rate=0.04691029555170554, max_iter=952, max_leaf_nodes=44, min_samples_leaf=92;, score=-0.068 total time=  18.2s
[CV 3/3] END l2_regularization=0, learning_rate=0.027218942030235366, max_iter=881, max_leaf_nodes=13, min_samples_leaf=16;, score=-0.070 total time=  18.7s
[CV 3/3] END l2_regularization=0.0001, learning_rate=0.042251817224622214, max_iter=211, max_leaf_nodes=71, min_samples_leaf=28;, score=-0.068 total time=  10.6s
[CV 1/3] END l2_regularization=0.1, learning_rate=0.028018203856606017, max_iter=62, max_leaf_nodes=33, min_samples_leaf=40;, score=-0.208 total time=   1.4s
[CV 2/3] END l2_regularization=0.1, learning_rate=0.028018203856606017, max_iter=62, max_leaf_nodes=33, min_samples_leaf=40;, score=-0.204 total time=   2.2s
[CV 1/3] END l2_regularization=0, learning_rate=0.02864347920156805, max_iter=389, max_leaf_nodes=50, min_samples_leaf=43;, score=-0.069 total time=   8.3s
[CV 1/3] END l2_regularization=0.1, learning_rate=0.017809097138003837, max_iter=848, max_leaf_nodes=18, min_samples_leaf=15;, score=-0.073 total time=  10.0s
[CV 2/3] END l2_regularization=0.01, learning_rate=0.029483526899137257, max_iter=72, max_leaf_nodes=20, min_samples_leaf=95;, score=-0.165 total time=   1.8s
[CV 1/3] END l2_regularization=0.001, learning_rate=0.0925266417139206, max_iter=388, max_leaf_nodes=14, min_samples_leaf=55;, score=-0.069 total time=   3.9s
[CV 3/3] END l2_regularization=0.001, learning_rate=0.0925266417139206, max_iter=388, max_leaf_nodes=14, min_samples_leaf=55;, score=-0.069 total time=   7.8s
[CV 3/3] END l2_regularization=0.01, learning_rate=0.10944468734566729, max_iter=849, max_leaf_nodes=21, min_samples_leaf=48;, score=-0.066 total time=  17.0s
[CV 3/3] END l2_regularization=0.001, learning_rate=0.058531418157831444, max_iter=735, max_leaf_nodes=44, min_samples_leaf=79;, score=-0.065 total time=  20.7s
[CV 3/3] END l2_regularization=0.1, learning_rate=0.054622108002224896, max_iter=776, max_leaf_nodes=23, min_samples_leaf=41;, score=-0.066 total time=  16.1s
[CV 2/3] END l2_regularization=0.001, learning_rate=0.016125769388344605, max_iter=752, max_leaf_nodes=61, min_samples_leaf=18;, score=-0.071 total time=  22.6s
[CV 3/3] END l2_regularization=0.1, learning_rate=0.026630755554783357, max_iter=758, max_leaf_nodes=24, min_samples_leaf=57;, score=-0.068 total time=  18.9s

base_model_linreg:
	rmse: 312.9999084472656
	smape_scaled: 0.016828548163175583
base_model_hgbr:
	rmse: 144.8874805194339
	smape_scaled: 0.007782410197490579
base_model_nn:
	rmse: 372.24560546875
	smape_scaled: 0.021064968779683113

optimal deterministic metrics:
		rmse: 0.0
		smape_scaled: 0.0

base_model metrics:
	base_model_linreg:
		rmse: 312.9999084472656
		smape_scaled: 0.016828548163175583
	base_model_hgbr:
		rmse: 144.8874805194339
		smape_scaled: 0.007782410197490579
	base_model_nn:
		rmse: 372.24560546875
		smape_scaled: 0.021064968779683113

posthoc metrics:

native metrics:

optimal deterministic metrics:
		rmse: 0.0
		smape_scaled: 0.0
	optimal uq metrics:
		crps: None
		nll_gaussian: None
		mean_pinball: None
---------------------------------
