-------- PYTHON OUTPUT ----------
Fitting 2 folds for each of 5 candidates, totalling 10 fits
[CV 2/2] END ...max_depth=40, n_estimators=189;, score=-0.132 total time= 1.1min
[CV 1/2] END ...max_depth=22, n_estimators=112;, score=-0.173 total time=  18.8s
[CV 2/2] END ...max_depth=22, n_estimators=112;, score=-0.133 total time=  39.1s
[CV 1/2] END ...max_depth=40, n_estimators=189;, score=-0.173 total time=  32.4s
[CV 1/2] END ....max_depth=30, n_estimators=24;, score=-0.175 total time=   3.9s
[CV 2/2] END ....max_depth=30, n_estimators=24;, score=-0.135 total time=   8.2s
[CV 1/2] END ....max_depth=44, n_estimators=81;, score=-0.174 total time=  14.0s
[CV 2/2] END ....max_depth=44, n_estimators=81;, score=-0.133 total time=  29.4s
[CV 1/2] END ....max_depth=20, n_estimators=84;, score=-0.174 total time=  13.2s
[CV 2/2] END ....max_depth=20, n_estimators=84;, score=-0.132 total time=  28.1s

base_model_linreg:
	rmse: 552.0161743164062
	smape_scaled: 0.028878772631287575
base_model_rf:
	rmse: 222.3014483965198
	smape_scaled: 0.009010604597569862
base_model_nn:
	rmse: 5095.5537109375
	smape_scaled: 0.05959214270114899

optimal deterministic metrics:
		rmse: 0.0
		smape_scaled: 0.0
---------------------------------
