INFO:root:importing
WARNING:root:IO_Helper param filename_parts is None, so not all functionality will be available!
WARNING:root:IO_Helper param methods_kwargs is None, so not all functionality will be available!
INFO:root:data setup...
INFO:numexpr.utils:Note: detected 72 virtual cores but NumExpr set to maximum of 64, check "NUMEXPR_MAX_THREADS" environment variable.
INFO:numexpr.utils:Note: NumExpr detected 72 cores but "NUMEXPR_MAX_THREADS" not set, so enforcing safe limit of 16.
INFO:numexpr.utils:NumExpr defaulting to 16 threads.
/mnt/qb/work/ludwig/lqb589/my_code/helpers/misc_helpers.py:116: SettingWithCopyWarning: 
A value is trying to be set on a copy of a slice from a DataFrame

See the caveats in the documentation: https://pandas.pydata.org/pandas-docs/stable/user_guide/indexing.html#returning-a-view-versus-a-copy
  arr.drop(columns=ts_cols, inplace=True)  # todo: works bc no ts cols present?
/mnt/qb/work/ludwig/lqb589/my_code/helpers/misc_helpers.py:116: SettingWithCopyWarning: 
A value is trying to be set on a copy of a slice from a DataFrame

See the caveats in the documentation: https://pandas.pydata.org/pandas-docs/stable/user_guide/indexing.html#returning-a-view-versus-a-copy
  arr.drop(columns=ts_cols, inplace=True)  # todo: works bc no ts cols present?
/mnt/qb/work/ludwig/lqb589/my_code/helpers/misc_helpers.py:116: SettingWithCopyWarning: 
A value is trying to be set on a copy of a slice from a DataFrame

See the caveats in the documentation: https://pandas.pydata.org/pandas-docs/stable/user_guide/indexing.html#returning-a-view-versus-a-copy
  arr.drop(columns=ts_cols, inplace=True)  # todo: works bc no ts cols present?
/mnt/qb/work/ludwig/lqb589/my_code/helpers/misc_helpers.py:116: SettingWithCopyWarning: 
A value is trying to be set on a copy of a slice from a DataFrame

See the caveats in the documentation: https://pandas.pydata.org/pandas-docs/stable/user_guide/indexing.html#returning-a-view-versus-a-copy
  arr.drop(columns=ts_cols, inplace=True)  # todo: works bc no ts cols present?
INFO:root:training...
INFO:root:parameter cv_n_iter == 0, so no CV is performed
INFO:root:fitting 99 objects.
INFO:root:finished after 2406.8759718341753s
INFO:root:saving model in path qhgbr_storage/models/qhgbr_y_pred_n210432_it0.model
INFO:root:predicting
INFO:root:plotting
